<?xml version="1.0" encoding="UTF-8"?>
<!-- Generated by org.testng.reporters.JUnitXMLReporter -->
<testsuite ignored="0" hostname="NTB-257" failures="1" tests="4" name="Publish Article Test" time="44.996" errors="0" timestamp="2023-01-18T15:34:45 CET">
  <testcase classname="Academy.Toma16012023.E2E06" name="E2E" time="4.487"/>
  <testcase classname="Academy.Toma16012023.E2E06" name="E2E" time="3.585"/>
  <testcase classname="Academy.Toma16012023.E2E06" name="verifyArticlePublished" time="3.001">
    <skipped/>
  </testcase> <!-- verifyArticlePublished -->
  <testcase classname="Academy.Toma16012023.E2E06" name="verifyArticlePublished" time="3.007">
    <failure type="java.lang.AssertionError" message="expected [true] but found [false]">
      <![CDATA[java.lang.AssertionError: expected [true] but found [false]
at Academy.Toma16012023.E2E06.verifyArticlePublished(E2E06.java:114)
at java.base/java.util.ArrayList.forEach(ArrayList.java:1541)
at java.base/java.util.concurrent.FutureTask.run(FutureTask.java:264)
at java.base/java.util.concurrent.ThreadPoolExecutor.runWorker(ThreadPoolExecutor.java:1128)
at java.base/java.util.concurrent.ThreadPoolExecutor$Worker.run(ThreadPoolExecutor.java:628)
at java.base/java.lang.Thread.run(Thread.java:834)
... Removed 21 stack frames]]>
    </failure>
  </testcase> <!-- verifyArticlePublished -->
</testsuite> <!-- Publish Article Test -->
